<?xml version="1.0" encoding="UTF-8"?>
<!-- Generated by org.testng.reporters.JUnitXMLReporter -->
<testsuite hostname="INTMAC-Q3ULG3QD.local" ignored="0" name="Default test" tests="2" failures="0" timestamp="11 Jul 2018 22:27:53 GMT" time="3.571" errors="0">
  <testcase name="runScenario" time="2.137" classname="cucumber.api.testng.AbstractTestNGCucumberTests"/>
  <testcase name="runScenario" time="1.236" classname="cucumber.api.testng.AbstractTestNGCucumberTests"/>
</testsuite> <!-- Default test -->
