<?xml version="1.0" encoding="UTF-8"?>
<!-- Generated by org.testng.reporters.JUnitXMLReporter -->
<testsuite ignored="0" hostname="INTMAC-Q3ULG3QD.local" failures="0" tests="2" name="Command line test" time="3.593" errors="0" timestamp="11 Jul 2018 22:39:33 GMT">
  <testcase classname="cucumber.api.testng.AbstractTestNGCucumberTests" name="runScenario" time="2.168"/>
  <testcase classname="cucumber.api.testng.AbstractTestNGCucumberTests" name="runScenario" time="1.216"/>
</testsuite> <!-- Command line test -->
