<?xml version="1.0" encoding="UTF-8"?>
<testng-results ignored="0" total="2" passed="2" failed="0" skipped="0">
  <reporter-output>
    <line>
      <![CDATA[<div "result">I am on Online funds transfer page (PASSED : 0s)</div>]]>
    </line>
    <line>
      <![CDATA[<div "result">I select my Name &quot;Jim&quot; (PASSED : 0s)</div>]]>
    </line>
    <line>
      <![CDATA[<div "result">amount &quot;500&quot; (PASSED : 0s)</div>]]>
    </line>
    <line>
      <![CDATA[<div "result">I click on the transfer button (PASSED : 0s)</div>]]>
    </line>
    <line>
      <![CDATA[<div "result">I am prompted a success validation message (PASSED : 0s)</div>]]>
    </line>
    <line>
      <![CDATA[<div "result">I am on Online funds transfer page (PASSED : 0s)</div>]]>
    </line>
    <line>
      <![CDATA[<div "result">I select my name &quot;Tim&quot; (PASSED : 0s)</div>]]>
    </line>
    <line>
      <![CDATA[<div "result">amount &quot;7000&quot; (PASSED : 0s)</div>]]>
    </line>
    <line>
      <![CDATA[<div "result">I click on the Transfer button (PASSED : 0s)</div>]]>
    </line>
    <line>
      <![CDATA[<div "result">I am prompted a failed validation message (PASSED : 0s)</div>]]>
    </line>
  </reporter-output>
  <suite started-at="2018-07-11T22:39:29Z" name="RunnerPack.TestRunner" finished-at="2018-07-11T22:39:33Z" duration-ms="3593">
    <groups>
      <group name="cucumber">
        <method signature="AbstractTestNGCucumberTests.runScenario(cucumber.api.testng.PickleEventWrapper, cucumber.api.testng.CucumberFeatureWrapper)[pri:0, instance:RunnerPack.TestRunner@76508ed1]" name="runScenario" class="cucumber.api.testng.AbstractTestNGCucumberTests"/>
      </group> <!-- cucumber -->
    </groups>
    <test started-at="2018-07-11T22:39:29Z" name="Command line test" finished-at="2018-07-11T22:39:33Z" duration-ms="3593">
      <class name="RunnerPack.TestRunner">
        <test-method is-config="true" signature="setUpClass()[pri:0, instance:RunnerPack.TestRunner@76508ed1]" started-at="2018-07-11T22:39:29Z" name="setUpClass" finished-at="2018-07-11T22:39:29Z" duration-ms="154" status="PASS">
          <reporter-output>
          </reporter-output>
        </test-method> <!-- setUpClass -->
        <test-method signature="runScenario(cucumber.api.testng.PickleEventWrapper, cucumber.api.testng.CucumberFeatureWrapper)[pri:0, instance:RunnerPack.TestRunner@76508ed1]" started-at="2018-07-11T22:39:29Z" name="runScenario" description="Runs Cucumber Scenarios" data-provider="scenarios" finished-at="2018-07-11T22:39:32Z" duration-ms="2168" status="PASS">
          <params>
            <param index="0">
              <value>
                <![CDATA["1 User should be able to transfer funds successfully"]]>
              </value>
            </param>
            <param index="1">
              <value>
                <![CDATA["Fund Transfer"]]>
              </value>
            </param>
          </params>
          <reporter-output>
            <line>
              <![CDATA[<div "result">I am on Online funds transfer page (PASSED : 0s)</div>]]>
            </line>
            <line>
              <![CDATA[<div "result">I select my Name &quot;Jim&quot; (PASSED : 0s)</div>]]>
            </line>
            <line>
              <![CDATA[<div "result">amount &quot;500&quot; (PASSED : 0s)</div>]]>
            </line>
            <line>
              <![CDATA[<div "result">I click on the transfer button (PASSED : 0s)</div>]]>
            </line>
            <line>
              <![CDATA[<div "result">I am prompted a success validation message (PASSED : 0s)</div>]]>
            </line>
          </reporter-output>
        </test-method> <!-- runScenario -->
        <test-method signature="runScenario(cucumber.api.testng.PickleEventWrapper, cucumber.api.testng.CucumberFeatureWrapper)[pri:0, instance:RunnerPack.TestRunner@76508ed1]" started-at="2018-07-11T22:39:32Z" name="runScenario" description="Runs Cucumber Scenarios" data-provider="scenarios" finished-at="2018-07-11T22:39:33Z" duration-ms="1216" status="PASS">
          <params>
            <param index="0">
              <value>
                <![CDATA["2 User does not have enough funds and is declined fund transfer"]]>
              </value>
            </param>
            <param index="1">
              <value>
                <![CDATA["Fund Transfer"]]>
              </value>
            </param>
          </params>
          <reporter-output>
            <line>
              <![CDATA[<div "result">I am on Online funds transfer page (PASSED : 0s)</div>]]>
            </line>
            <line>
              <![CDATA[<div "result">I select my name &quot;Tim&quot; (PASSED : 0s)</div>]]>
            </line>
            <line>
              <![CDATA[<div "result">amount &quot;7000&quot; (PASSED : 0s)</div>]]>
            </line>
            <line>
              <![CDATA[<div "result">I click on the Transfer button (PASSED : 0s)</div>]]>
            </line>
            <line>
              <![CDATA[<div "result">I am prompted a failed validation message (PASSED : 0s)</div>]]>
            </line>
          </reporter-output>
        </test-method> <!-- runScenario -->
        <test-method is-config="true" signature="tearDownClass()[pri:0, instance:RunnerPack.TestRunner@76508ed1]" started-at="2018-07-11T22:39:33Z" name="tearDownClass" finished-at="2018-07-11T22:39:33Z" duration-ms="6" status="PASS">
          <reporter-output>
          </reporter-output>
        </test-method> <!-- tearDownClass -->
      </class> <!-- RunnerPack.TestRunner -->
    </test> <!-- Command line test -->
  </suite> <!-- RunnerPack.TestRunner -->
</testng-results>
