<?xml version="1.0" encoding="UTF-8"?>
<testng-results skipped="0" failed="0" ignored="0" total="2" passed="2">
  <reporter-output>
    <line>
      <![CDATA[<div "result">I am on Online funds transfer page (PASSED : 0s)</div>]]>
    </line>
    <line>
      <![CDATA[<div "result">I select my Name &quot;Jim&quot; (PASSED : 0s)</div>]]>
    </line>
    <line>
      <![CDATA[<div "result">amount &quot;500&quot; (PASSED : 0s)</div>]]>
    </line>
    <line>
      <![CDATA[<div "result">I click on the transfer button (PASSED : 0s)</div>]]>
    </line>
    <line>
      <![CDATA[<div "result">I am prompted a success validation message (PASSED : 0s)</div>]]>
    </line>
    <line>
      <![CDATA[<div "result">I am on Online funds transfer page (PASSED : 0s)</div>]]>
    </line>
    <line>
      <![CDATA[<div "result">I select my name &quot;Tim&quot; (PASSED : 0s)</div>]]>
    </line>
    <line>
      <![CDATA[<div "result">amount &quot;7000&quot; (PASSED : 0s)</div>]]>
    </line>
    <line>
      <![CDATA[<div "result">I click on the Transfer button (PASSED : 0s)</div>]]>
    </line>
    <line>
      <![CDATA[<div "result">I am prompted a failed validation message (PASSED : 0s)</div>]]>
    </line>
  </reporter-output>
  <suite name="Default suite" duration-ms="3571" started-at="2018-07-11T22:27:50Z" finished-at="2018-07-11T22:27:53Z">
    <groups>
      <group name="cucumber">
        <method signature="AbstractTestNGCucumberTests.runScenario(cucumber.api.testng.PickleEventWrapper, cucumber.api.testng.CucumberFeatureWrapper)[pri:0, instance:RunnerPack.TestRunner@20322d26]" name="runScenario" class="cucumber.api.testng.AbstractTestNGCucumberTests"/>
      </group> <!-- cucumber -->
    </groups>
    <test name="Default test" duration-ms="3571" started-at="2018-07-11T22:27:50Z" finished-at="2018-07-11T22:27:53Z">
      <class name="RunnerPack.TestRunner">
        <test-method status="PASS" signature="setUpClass()[pri:0, instance:RunnerPack.TestRunner@20322d26]" name="setUpClass" is-config="true" duration-ms="144" started-at="2018-07-11T22:27:50Z" finished-at="2018-07-11T22:27:50Z">
          <reporter-output>
          </reporter-output>
        </test-method> <!-- setUpClass -->
        <test-method status="PASS" signature="runScenario(cucumber.api.testng.PickleEventWrapper, cucumber.api.testng.CucumberFeatureWrapper)[pri:0, instance:RunnerPack.TestRunner@20322d26]" name="runScenario" duration-ms="2137" started-at="2018-07-11T22:27:50Z" description="Runs Cucumber Scenarios" data-provider="scenarios" finished-at="2018-07-11T22:27:52Z">
          <params>
            <param index="0">
              <value>
                <![CDATA["1 User should be able to transfer funds successfully"]]>
              </value>
            </param>
            <param index="1">
              <value>
                <![CDATA["Fund Transfer"]]>
              </value>
            </param>
          </params>
          <reporter-output>
            <line>
              <![CDATA[<div "result">I am on Online funds transfer page (PASSED : 0s)</div>]]>
            </line>
            <line>
              <![CDATA[<div "result">I select my Name &quot;Jim&quot; (PASSED : 0s)</div>]]>
            </line>
            <line>
              <![CDATA[<div "result">amount &quot;500&quot; (PASSED : 0s)</div>]]>
            </line>
            <line>
              <![CDATA[<div "result">I click on the transfer button (PASSED : 0s)</div>]]>
            </line>
            <line>
              <![CDATA[<div "result">I am prompted a success validation message (PASSED : 0s)</div>]]>
            </line>
          </reporter-output>
        </test-method> <!-- runScenario -->
        <test-method status="PASS" signature="runScenario(cucumber.api.testng.PickleEventWrapper, cucumber.api.testng.CucumberFeatureWrapper)[pri:0, instance:RunnerPack.TestRunner@20322d26]" name="runScenario" duration-ms="1236" started-at="2018-07-11T22:27:52Z" description="Runs Cucumber Scenarios" data-provider="scenarios" finished-at="2018-07-11T22:27:53Z">
          <params>
            <param index="0">
              <value>
                <![CDATA["2 User does not have enough funds and is declined fund transfer"]]>
              </value>
            </param>
            <param index="1">
              <value>
                <![CDATA["Fund Transfer"]]>
              </value>
            </param>
          </params>
          <reporter-output>
            <line>
              <![CDATA[<div "result">I am on Online funds transfer page (PASSED : 0s)</div>]]>
            </line>
            <line>
              <![CDATA[<div "result">I select my name &quot;Tim&quot; (PASSED : 0s)</div>]]>
            </line>
            <line>
              <![CDATA[<div "result">amount &quot;7000&quot; (PASSED : 0s)</div>]]>
            </line>
            <line>
              <![CDATA[<div "result">I click on the Transfer button (PASSED : 0s)</div>]]>
            </line>
            <line>
              <![CDATA[<div "result">I am prompted a failed validation message (PASSED : 0s)</div>]]>
            </line>
          </reporter-output>
        </test-method> <!-- runScenario -->
        <test-method status="PASS" signature="tearDownClass()[pri:0, instance:RunnerPack.TestRunner@20322d26]" name="tearDownClass" is-config="true" duration-ms="4" started-at="2018-07-11T22:27:53Z" finished-at="2018-07-11T22:27:53Z">
          <reporter-output>
          </reporter-output>
        </test-method> <!-- tearDownClass -->
      </class> <!-- RunnerPack.TestRunner -->
    </test> <!-- Default test -->
  </suite> <!-- Default suite -->
</testng-results>
